Starting a Gradle Daemon, 1 incompatible Daemon could not be reused, use --status for details
> Task :checkKotlinGradlePluginConfigurationErrors
> Task :compileKotlin UP-TO-DATE
> Task :compileJava NO-SOURCE
> Task :processResources UP-TO-DATE
> Task :classes UP-TO-DATE
> Task :resolveMainClassName

> Task :bootRun

  .   ____          _            __ _ _
 /\\ / ___'_ __ _ _(_)_ __  __ _ \ \ \ \
( ( )\___ | '_ | '_| | '_ \/ _` | \ \ \ \
 \\/  ___)| |_)| | | | | || (_| |  ) ) ) )
  '  |____| .__|_| |_|_| |_\__, | / / / /
 =========|_|==============|___/=/_/_/_/

 :: Spring Boot ::                (v3.4.1)

2026-04-13T19:34:33.518+01:00  INFO 3412 --- [           main] c.m.backend.MyrabaBackendApplicationKt   : Starting MyrabaBackendApplicationKt using Java 21.0.7 with PID 3412 (C:\Users\acer\Child-1\Vingo-fintech\backend\build\classes\kotlin\main started by acer in C:\Users\acer\Child-1\Vingo-fintech\backend)
2026-04-13T19:34:33.532+01:00  INFO 3412 --- [           main] c.m.backend.MyrabaBackendApplicationKt   : No active profile set, falling back to 1 default profile: "default"
2026-04-13T19:34:39.809+01:00  INFO 3412 --- [           main] .s.d.r.c.RepositoryConfigurationDelegate : Bootstrapping Spring Data JPA repositories in DEFAULT mode.
2026-04-13T19:34:40.318+01:00  INFO 3412 --- [           main] .s.d.r.c.RepositoryConfigurationDelegate : Finished Spring Data repository scanning in 473 ms. Found 25 JPA repository interfaces.
2026-04-13T19:34:44.895+01:00  INFO 3412 --- [           main] o.s.b.w.embedded.tomcat.TomcatWebServer  : Tomcat initialized with port 8080 (http)
2026-04-13T19:34:44.940+01:00  INFO 3412 --- [           main] o.apache.catalina.core.StandardService   : Starting service [Tomcat]
2026-04-13T19:34:44.941+01:00  INFO 3412 --- [           main] o.apache.catalina.core.StandardEngine    : Starting Servlet engine: [Apache Tomcat/10.1.34]
2026-04-13T19:34:45.187+01:00  INFO 3412 --- [           main] o.a.c.c.C.[Tomcat].[localhost].[/]       : Initializing Spring embedded WebApplicationContext
2026-04-13T19:34:45.190+01:00  INFO 3412 --- [           main] w.s.c.ServletWebServerApplicationContext : Root WebApplicationContext: initialization completed in 11426 ms

> Task :bootRun FAILED

[Incubating] Problems report is available at: file:///C:/Users/acer/Child-1/Vingo-fintech/backend/build/reports/problems/problems-report.html

FAILURE: Build failed with an exception.

* What went wrong:
Execution failed for task ':bootRun'.
> Process 'command 'C:\Program Files\Java\jdk-21\bin\java.exe'' finished with non-zero exit value 143

* Try:
> Run with --stacktrace option to get the stack trace.
> Run with --info or --debug option to get more log output.
> Run with --scan to get full insights.
> Get more help at https://help.gradle.org.

Deprecated Gradle features were used in this build, making it incompatible with Gradle 9.0.

You can use '--warning-mode all' to show the individual deprecation warnings and determine if they come from your own scripts or plugins.

For more on this, please refer to https://docs.gradle.org/8.14.3/userguide/command_line_interface.html#sec:command_line_warnings in the Gradle documentation.

BUILD FAILED in 1m 56s
5 actionable tasks: 3 executed, 2 up-to-date
The message received from the daemon indicates that the daemon has disappeared.
Build request sent: Build{id=19082a7e-65b0-4481-a0b5-d5aa36a42046, currentDir=C:\Users\acer\Child-1\Vingo-fintech\backend}
Attempting to read last messages from the daemon log...
Daemon pid: 15952
  log file: C:\Users\acer\.gradle\daemon\8.14.3\daemon-15952.out.log
----- Last 20 lines from daemon log file - daemon-15952.out.log -----
FAILURE: Build failed with an exception.

* What went wrong:
Execution failed for task ':bootRun'.
> Process 'command 'C:\Program Files\Java\jdk-21\bin\java.exe'' finished with non-zero exit value 143

* Try:
> Run with --stacktrace option to get the stack trace.
> Run with --info or --debug option to get more log output.
> Run with --scan to get full insights.
> Get more help at https://help.gradle.org.

Deprecated Gradle features were used in this build, making it incompatible with Gradle 9.0.

You can use '--warning-mode all' to show the individual deprecation warnings and determine if they come from your own scripts or plugins.

For more on this, please refer to https://docs.gradle.org/8.14.3/userguide/command_line_interface.html#sec:command_line_warnings in the Gradle documentation.

BUILD FAILED in 1m 56s
5 actionable tasks: 3 executed, 2 up-to-date----- End of the daemon log -----


FAILURE: Build failed with an exception.

* What went wrong:
Gradle build daemon disappeared unexpectedly (it may have been killed or may have crashed)

* Try:
> Run with --stacktrace option to get the stack trace.
> Run with --info or --debug option to get more log output.
> Run with --scan to get full insights.
> Get more help at https://help.gradle.org.
